WARNING - Unrecognised cell content ''
WARNING - Different labels found for UBERON:0034891. Uberongraph: insular cortex ; ASCT+b table: long insular gyri
WARNING - Different labels found for UBERON:0002291. Uberongraph: central canal of spinal cord ; ASCT+b table: central canal of medulla oblongata
WARNING - Different labels found for UBERON:0002289. Uberongraph: midbrain cerebral aqueduct ; ASCT+b table: ventricle of midbrain (cerebral aqueduct)
WARNING - Different labels found for UBERON:0004671. Uberongraph: gyrus rectus ; ASCT+b table: gyrus rectus (straight gyrus)
WARNING - Different labels found for UBERON:0002476. Uberongraph: lateral globus pallidus ; ASCT+b table: globus pallidus, external
WARNING - Different labels found for UBERON:0003020. Uberongraph: subcallosal area ; ASCT+b table: subcallosal gyrus (parolfactory gyrus)
WARNING - Different labels found for UBERON:0006083. Uberongraph: perirhinal cortex ; ASCT+b table: perirhinal gyrus ( rostral part of FuGt)
WARNING - Different labels found for UBERON:0006091. Uberongraph: inferior horn of the lateral ventricle ; ASCT+b table: inferior horn of lateral ventricle
WARNING - Different labels found for UBERON:0002028. Uberongraph: hindbrain ; ASCT+b table: hindbrain (rhombencephalon)
WARNING - Different labels found for UBERON:0007228. Uberongraph: vestibular nucleus ; ASCT+b table: vestibular nuclei
WARNING - Different labels found for UBERON:0010011. Uberongraph: collection of basal ganglia ; ASCT+b table: basal nuclei (basal ganglia)
WARNING - Different labels found for UBERON:0002151. Uberongraph: pontine nuclear group ; ASCT+b table: basilar part of pons (Pontine nuclei)
WARNING - Different labels found for UBERON:0001907. Uberongraph: zona incerta ; ASCT+b table: zona Incerta
WARNING - Different labels found for UBERON:0002629. Uberongraph: triangular part of inferior frontal gyrus ; ASCT+b table: inferior frontal gyrus, triangular part
WARNING - Different labels found for UBERON:0004725. Uberongraph: piriform cortex ; ASCT+b table: lateral olfactory gyrus
WARNING - Different labels found for UBERON:0007769. Uberongraph: medial preoptic region ; ASCT+b table: preoptic region
WARNING - Different labels found for UBERON:0002644. Uberongraph: intermediate orbital gyrus ; ASCT+b table: anterior intermediate orbital gyrus
WARNING - Different labels found for UBERON:0002477. Uberongraph: medial globus pallidus ; ASCT+b table: globus pallidus, internal
WARNING - Different labels found for UBERON:0002285. Uberongraph: telencephalic ventricle ; ASCT+b table: lateral ventricles
WARNING - Different labels found for UBERON:0001384. Uberongraph: primary motor cortex ; ASCT+b table: Primary motor cortex
WARNING - Different labels found for UBERON:0002980. Uberongraph: opercular part of inferior frontal gyrus ; ASCT+b table: inferior frontal gyrus, opercular part
WARNING - Different labels found for UBERON:0024151. Uberongraph: tegmentum ; ASCT+b table: tegmentum of the medulla
WARNING - Different labels found for UBERON:0001890. Uberongraph: forebrain ; ASCT+b table: forebrain (prosencephalon)
WARNING - Different labels found for UBERON:0000052. Uberongraph: fornix of brain ; ASCT+b table: fornix
WARNING - Different labels found for UBERON:0002740. Uberongraph: posterior cingulate gyrus ; ASCT+b table: cingulate gyrus, caudal (posterior) part
WARNING - Different labels found for UBERON:0007634. Uberongraph: parabrachial nucleus ; ASCT+b table: parabrachial nuclei
WARNING - Different labels found for UBERON:0002738. Uberongraph: isthmus of cingulate gyrus ; ASCT+b table: cingulo-parahippocampal isthmus
WARNING - Different labels found for UBERON:0002756. Uberongraph: anterior cingulate gyrus ; ASCT+b table: cingulate gyrus, rostral (anterior) part
WARNING - Different labels found for UBERON:0006092. Uberongraph: cuneus cortex ; ASCT+b table: cuneus
WARNING - Different labels found for UBERON:0003040. Uberongraph: central gray substance of midbrain ; ASCT+b table: periaqueductal gray substance
WARNING - Different labels found for UBERON:0002022. Uberongraph: insula ; ASCT+b table: insular lobe
WARNING - Different labels found for UBERON:0022364. Uberongraph: occipital fusiform gyrus ; ASCT+b table: occipitotemporal (fusiform) gyrus, temporal part
WARNING - Different labels found for UBERON:0001944. Uberongraph: pretectal region ; ASCT+b table: Pretectal region
WARNING - Different labels found for UBERON:0001717. Uberongraph: spinal nucleus of trigeminal nerve ; ASCT+b table: spinal trigeminal nucleus
WARNING - Different labels found for UBERON:0002590. Uberongraph: prepyriform area ; ASCT+b table: prepiriform region
WARNING - Different labels found for UBERON:0001891. Uberongraph: midbrain ; ASCT+b table: midbrain (mesencephalon)
WARNING - Different labels found for UBERON:0002624. Uberongraph: orbital part of inferior frontal gyrus ; ASCT+b table: inferior frontal gyrus, orbital part
WARNING - Different labels found for UBERON:0003017. Uberongraph: substantia innominata ; ASCT+b table: substantia Innominata
WARNING - Different labels found for UBERON:0002707. Uberongraph: corticospinal tract ; ASCT+b table: pyramidal tract
WARNING - Different labels found for UBERON:0004086. Uberongraph: brain ventricle ; ASCT+b table: ventricles of hindbrain
WARNING - Different labels found for UBERON:0035932. Uberongraph: anterior segment of paracentral lobule ; ASCT+b table: paracentral lobule, rostral part
WARNING - Different labels found for UBERON:0004672. Uberongraph: posterior horn lateral ventricle ; ASCT+b table: posterior horn of lateral ventricle
WARNING - Different labels found for UBERON:0002264. Uberongraph: olfactory bulb ; ASCT+b table: Olfactory bulb
WARNING - Different labels found for UBERON:0006093. Uberongraph: precuneus cortex ; ASCT+b table: precuneus
WARNING - Different labels found for UBERON:0002023. Uberongraph: claustrum of brain ; ASCT+b table: claustrum
Traceback (most recent call last):
  File "/usr/local/Cellar/python@3.9/3.9.7_1/Frameworks/Python.framework/Versions/3.9/lib/python3.9/xml/sax/expatreader.py", line 217, in feed
    self._parser.Parse(data, isFinal)
xml.parsers.expat.ExpatError: not well-formed (invalid token): line 16409, column 26

During handling of the above exception, another exception occurred:

Traceback (most recent call last):
  File "/Users/anitac/Documents/CCF_tools/src/template_runner.py", line 24, in <module>
    class_template, error_log, annotations, indirect_error_log, report_r, strict_log, has_part_log = generate_class_graph_template(ccf_tools_df)
  File "/Users/anitac/Documents/CCF_tools/src/template_generation_tools.py", line 405, in generate_class_graph_template
    annotations += ug.construct_annotation("\n".join(chunk))
  File "/Users/anitac/Documents/CCF_tools/src/uberongraph_tools.py", line 251, in construct_annotation
    result = self.sparql.query().convert()
  File "/Users/anitac/Documents/CCF_tools/venv/lib/python3.9/site-packages/SPARQLWrapper/Wrapper.py", line 1332, in convert
    return self._convertRDF()
  File "/Users/anitac/Documents/CCF_tools/venv/lib/python3.9/site-packages/SPARQLWrapper/Wrapper.py", line 1229, in _convertRDF
    retval.load(self.response) # (DEPRECATED) publicID=' ')
  File "/Users/anitac/Documents/CCF_tools/venv/lib/python3.9/site-packages/rdflib/graph.py", line 1274, in load
    return self.parse(source, publicID, format)
  File "/Users/anitac/Documents/CCF_tools/venv/lib/python3.9/site-packages/rdflib/graph.py", line 1749, in parse
    context.parse(source, publicID=publicID, format=format, **args)
  File "/Users/anitac/Documents/CCF_tools/venv/lib/python3.9/site-packages/rdflib/graph.py", line 1252, in parse
    parser.parse(source, self, **args)
  File "/Users/anitac/Documents/CCF_tools/venv/lib/python3.9/site-packages/rdflib/plugins/parsers/rdfxml.py", line 608, in parse
    self._parser.parse(source)
  File "/usr/local/Cellar/python@3.9/3.9.7_1/Frameworks/Python.framework/Versions/3.9/lib/python3.9/xml/sax/expatreader.py", line 111, in parse
    xmlreader.IncrementalParser.parse(self, source)
  File "/usr/local/Cellar/python@3.9/3.9.7_1/Frameworks/Python.framework/Versions/3.9/lib/python3.9/xml/sax/xmlreader.py", line 125, in parse
    self.feed(buffer)
  File "/usr/local/Cellar/python@3.9/3.9.7_1/Frameworks/Python.framework/Versions/3.9/lib/python3.9/xml/sax/expatreader.py", line 221, in feed
    self._err_handler.fatalError(exc)
  File "/usr/local/Cellar/python@3.9/3.9.7_1/Frameworks/Python.framework/Versions/3.9/lib/python3.9/xml/sax/handler.py", line 38, in fatalError
    raise exception
xml.sax._exceptions.SAXParseException: <unknown>:16409:26: not well-formed (invalid token)
